<?xml version="1.0" encoding="UTF-8"?>
<coverage generated="1677371484976" clover="3.2.0">
  <project timestamp="1677371484977" name="All files">
    <metrics statements="35" coveredstatements="24" conditionals="6" coveredconditionals="3" methods="13" coveredmethods="10" elements="54" coveredelements="37" complexity="0" loc="35" ncloc="35" packages="5" files="6" classes="6"/>
    <package name="src">
      <metrics statements="23" coveredstatements="12" conditionals="2" coveredconditionals="0" methods="6" coveredmethods="4"/>
      <file name="App.tsx" path="/Users/soumya/Documents/Document/Poc-Projects/REACT/progressbar/src/App.tsx">
        <metrics statements="20" coveredstatements="12" conditionals="2" coveredconditionals="0" methods="6" coveredmethods="4"/>
        <line num="9" count="1" type="stmt"/>
        <line num="10" count="3" type="stmt"/>
        <line num="11" count="3" type="stmt"/>
        <line num="12" count="9" type="stmt"/>
        <line num="13" count="9" type="stmt"/>
        <line num="16" count="3" type="stmt"/>
        <line num="19" count="3" type="stmt"/>
        <line num="21" count="3" type="stmt"/>
        <line num="22" count="0" type="stmt"/>
        <line num="25" count="3" type="stmt"/>
        <line num="26" count="0" type="stmt"/>
        <line num="27" count="0" type="stmt"/>
        <line num="28" count="0" type="stmt"/>
        <line num="29" count="0" type="cond" truecount="0" falsecount="2"/>
        <line num="30" count="0" type="stmt"/>
        <line num="32" count="0" type="stmt"/>
        <line num="33" count="0" type="stmt"/>
        <line num="36" count="3" type="stmt"/>
        <line num="40" count="9" type="stmt"/>
        <line num="59" count="12" type="stmt"/>
      </file>
      <file name="index.tsx" path="/Users/soumya/Documents/Document/Poc-Projects/REACT/progressbar/src/index.tsx">
        <metrics statements="3" coveredstatements="0" conditionals="0" coveredconditionals="0" methods="0" coveredmethods="0"/>
        <line num="5" count="0" type="stmt"/>
        <line num="13" count="0" type="stmt"/>
        <line num="18" count="0" type="stmt"/>
      </file>
    </package>
    <package name="src.components">
      <metrics statements="2" coveredstatements="2" conditionals="2" coveredconditionals="1" methods="1" coveredmethods="1"/>
      <file name="ProgressBar.tsx" path="/Users/soumya/Documents/Document/Poc-Projects/REACT/progressbar/src/components/ProgressBar.tsx">
        <metrics statements="2" coveredstatements="2" conditionals="2" coveredconditionals="1" methods="1" coveredmethods="1"/>
        <line num="8" count="1" type="stmt"/>
        <line num="9" count="9" type="stmt"/>
      </file>
    </package>
    <package name="src.formFields.Button">
      <metrics statements="3" coveredstatements="3" conditionals="0" coveredconditionals="0" methods="2" coveredmethods="1"/>
      <file name="Button.tsx" path="/Users/soumya/Documents/Document/Poc-Projects/REACT/progressbar/src/formFields/Button/Button.tsx">
        <metrics statements="3" coveredstatements="3" conditionals="0" coveredconditionals="0" methods="2" coveredmethods="1"/>
        <line num="12" count="2" type="stmt"/>
        <line num="13" count="14" type="stmt"/>
        <line num="15" count="14" type="stmt"/>
      </file>
    </package>
    <package name="src.formFields.Select">
      <metrics statements="3" coveredstatements="3" conditionals="2" coveredconditionals="2" methods="2" coveredmethods="2"/>
      <file name="Select.tsx" path="/Users/soumya/Documents/Document/Poc-Projects/REACT/progressbar/src/formFields/Select/Select.tsx">
        <metrics statements="3" coveredstatements="3" conditionals="2" coveredconditionals="2" methods="2" coveredmethods="2"/>
        <line num="15" count="2" type="stmt"/>
        <line num="16" count="4" type="stmt"/>
        <line num="26" count="11" type="stmt"/>
      </file>
    </package>
    <package name="src.misc">
      <metrics statements="4" coveredstatements="4" conditionals="0" coveredconditionals="0" methods="2" coveredmethods="2"/>
      <file name="utils.ts" path="/Users/soumya/Documents/Document/Poc-Projects/REACT/progressbar/src/misc/utils.ts">
        <metrics statements="4" coveredstatements="4" conditionals="0" coveredconditionals="0" methods="2" coveredmethods="2"/>
        <line num="3" count="1" type="stmt"/>
        <line num="4" count="3" type="stmt"/>
        <line num="5" count="9" type="stmt"/>
        <line num="9" count="9" type="stmt"/>
      </file>
    </package>
  </project>
</coverage>
