{
  "/Users/soumya/Documents/Document/Poc-Projects/REACT/progressbar/src/App.tsx": {
    "path": "/Users/soumya/Documents/Document/Poc-Projects/REACT/progressbar/src/App.tsx",
    "statementMap": {
      "0": {
        "start": { "line": 9, "column": 12 },
        "end": { "line": 76, "column": 1 }
      },
      "1": {
        "start": { "line": 10, "column": 55 },
        "end": { "line": 10, "column": 57 }
      },
      "2": {
        "start": { "line": 11, "column": 4 },
        "end": { "line": 14, "column": 7 }
      },
      "3": {
        "start": { "line": 12, "column": 8 },
        "end": { "line": 12, "column": 37 }
      },
      "4": {
        "start": { "line": 13, "column": 8 },
        "end": { "line": 13, "column": 20 }
      },
      "5": {
        "start": { "line": 16, "column": 36 },
        "end": { "line": 18, "column": 5 }
      },
      "6": {
        "start": { "line": 19, "column": 52 },
        "end": { "line": 19, "column": 71 }
      },
      "7": {
        "start": { "line": 21, "column": 28 },
        "end": { "line": 23, "column": 5 }
      },
      "8": {
        "start": { "line": 22, "column": 8 },
        "end": { "line": 22, "column": 58 }
      },
      "9": {
        "start": { "line": 25, "column": 24 },
        "end": { "line": 34, "column": 5 }
      },
      "10": {
        "start": { "line": 26, "column": 23 },
        "end": { "line": 26, "column": 55 }
      },
      "11": {
        "start": { "line": 27, "column": 27 },
        "end": { "line": 27, "column": 42 }
      },
      "12": {
        "start": { "line": 28, "column": 27 },
        "end": { "line": 28, "column": 82 }
      },
      "13": {
        "start": { "line": 29, "column": 8 },
        "end": { "line": 31, "column": 9 }
      },
      "14": {
        "start": { "line": 30, "column": 12 },
        "end": { "line": 30, "column": 29 }
      },
      "15": {
        "start": { "line": 32, "column": 8 },
        "end": { "line": 32, "column": 54 }
      },
      "16": {
        "start": { "line": 33, "column": 8 },
        "end": { "line": 33, "column": 34 }
      },
      "17": {
        "start": { "line": 36, "column": 4 },
        "end": { "line": 75, "column": 6 }
      },
      "18": {
        "start": { "line": 40, "column": 20 },
        "end": { "line": 46, "column": 26 }
      },
      "19": {
        "start": { "line": 59, "column": 28 },
        "end": { "line": 69, "column": 34 }
      }
    },
    "fnMap": {
      "0": {
        "name": "(anonymous_0)",
        "decl": {
          "start": { "line": 9, "column": 12 },
          "end": { "line": 9, "column": 13 }
        },
        "loc": {
          "start": { "line": 9, "column": 64 },
          "end": { "line": 76, "column": 1 }
        },
        "line": 9
      },
      "1": {
        "name": "(anonymous_1)",
        "decl": {
          "start": { "line": 11, "column": 19 },
          "end": { "line": 11, "column": 20 }
        },
        "loc": {
          "start": { "line": 11, "column": 57 },
          "end": { "line": 14, "column": 5 }
        },
        "line": 11
      },
      "2": {
        "name": "(anonymous_2)",
        "decl": {
          "start": { "line": 21, "column": 28 },
          "end": { "line": 21, "column": 29 }
        },
        "loc": {
          "start": { "line": 21, "column": 77 },
          "end": { "line": 23, "column": 5 }
        },
        "line": 21
      },
      "3": {
        "name": "(anonymous_3)",
        "decl": {
          "start": { "line": 25, "column": 24 },
          "end": { "line": 25, "column": 25 }
        },
        "loc": {
          "start": { "line": 25, "column": 48 },
          "end": { "line": 34, "column": 5 }
        },
        "line": 25
      },
      "4": {
        "name": "(anonymous_4)",
        "decl": {
          "start": { "line": 39, "column": 43 },
          "end": { "line": 39, "column": 44 }
        },
        "loc": {
          "start": { "line": 40, "column": 20 },
          "end": { "line": 46, "column": 26 }
        },
        "line": 40
      },
      "5": {
        "name": "(anonymous_5)",
        "decl": {
          "start": { "line": 58, "column": 48 },
          "end": { "line": 58, "column": 49 }
        },
        "loc": {
          "start": { "line": 59, "column": 28 },
          "end": { "line": 69, "column": 34 }
        },
        "line": 59
      }
    },
    "branchMap": {
      "0": {
        "loc": {
          "start": { "line": 29, "column": 8 },
          "end": { "line": 31, "column": 9 }
        },
        "type": "if",
        "locations": [
          {
            "start": { "line": 29, "column": 8 },
            "end": { "line": 31, "column": 9 }
          },
          { "start": {}, "end": {} }
        ],
        "line": 29
      }
    },
    "s": {
      "0": 1,
      "1": 3,
      "2": 3,
      "3": 9,
      "4": 9,
      "5": 3,
      "6": 3,
      "7": 3,
      "8": 0,
      "9": 3,
      "10": 0,
      "11": 0,
      "12": 0,
      "13": 0,
      "14": 0,
      "15": 0,
      "16": 0,
      "17": 3,
      "18": 9,
      "19": 12
    },
    "f": { "0": 3, "1": 9, "2": 0, "3": 0, "4": 9, "5": 12 },
    "b": { "0": [0, 0] },
    "_coverageSchema": "1a1c01bbd47fc00a2c39e90264f33305004495a9",
    "hash": "c9c4538a7a11f46471d9f09129589a3eb1313b3f"
  },
  "/Users/soumya/Documents/Document/Poc-Projects/REACT/progressbar/src/index.tsx": {
    "path": "/Users/soumya/Documents/Document/Poc-Projects/REACT/progressbar/src/index.tsx",
    "statementMap": {
      "0": {
        "start": { "line": 5, "column": 13 },
        "end": { "line": 7, "column": 1 }
      },
      "1": {
        "start": { "line": 13, "column": 26 },
        "end": { "line": 16, "column": 1 }
      },
      "2": {
        "start": { "line": 18, "column": 0 },
        "end": { "line": 22, "column": 2 }
      }
    },
    "fnMap": {},
    "branchMap": {},
    "s": { "0": 0, "1": 0, "2": 0 },
    "f": {},
    "b": {}
  },
  "/Users/soumya/Documents/Document/Poc-Projects/REACT/progressbar/src/components/ProgressBar.tsx": {
    "path": "/Users/soumya/Documents/Document/Poc-Projects/REACT/progressbar/src/components/ProgressBar.tsx",
    "statementMap": {
      "0": {
        "start": { "line": 8, "column": 20 },
        "end": { "line": 20, "column": 1 }
      },
      "1": {
        "start": { "line": 9, "column": 4 },
        "end": { "line": 19, "column": 10 }
      }
    },
    "fnMap": {
      "0": {
        "name": "(anonymous_0)",
        "decl": {
          "start": { "line": 8, "column": 20 },
          "end": { "line": 8, "column": 21 }
        },
        "loc": {
          "start": { "line": 9, "column": 4 },
          "end": { "line": 19, "column": 10 }
        },
        "line": 9
      }
    },
    "branchMap": {
      "0": {
        "loc": {
          "start": { "line": 13, "column": 16 },
          "end": { "line": 15, "column": 32 }
        },
        "type": "cond-expr",
        "locations": [
          {
            "start": { "line": 14, "column": 22 },
            "end": { "line": 14, "column": 57 }
          },
          {
            "start": { "line": 15, "column": 22 },
            "end": { "line": 15, "column": 32 }
          }
        ],
        "line": 13
      }
    },
    "s": { "0": 1, "1": 9 },
    "f": { "0": 9 },
    "b": { "0": [0, 9] },
    "_coverageSchema": "1a1c01bbd47fc00a2c39e90264f33305004495a9",
    "hash": "46727188929fc10a273debeaa7e11b591c2990b4"
  },
  "/Users/soumya/Documents/Document/Poc-Projects/REACT/progressbar/src/formFields/Button/Button.tsx": {
    "path": "/Users/soumya/Documents/Document/Poc-Projects/REACT/progressbar/src/formFields/Button/Button.tsx",
    "statementMap": {
      "0": {
        "start": { "line": 12, "column": 15 },
        "end": { "line": 21, "column": 1 }
      },
      "1": {
        "start": { "line": 13, "column": 24 },
        "end": { "line": 13, "column": 69 }
      },
      "2": {
        "start": { "line": 13, "column": 44 },
        "end": { "line": 13, "column": 64 }
      },
      "3": {
        "start": { "line": 15, "column": 4 },
        "end": { "line": 20, "column": 6 }
      }
    },
    "fnMap": {
      "0": {
        "name": "(anonymous_0)",
        "decl": {
          "start": { "line": 12, "column": 15 },
          "end": { "line": 12, "column": 16 }
        },
        "loc": {
          "start": { "line": 12, "column": 53 },
          "end": { "line": 21, "column": 1 }
        },
        "line": 12
      },
      "1": {
        "name": "(anonymous_1)",
        "decl": {
          "start": { "line": 13, "column": 33 },
          "end": { "line": 13, "column": 34 }
        },
        "loc": {
          "start": { "line": 13, "column": 44 },
          "end": { "line": 13, "column": 64 }
        },
        "line": 13
      }
    },
    "branchMap": {},
    "s": { "0": 2, "1": 14, "2": 0, "3": 14 },
    "f": { "0": 14, "1": 0 },
    "b": {},
    "_coverageSchema": "1a1c01bbd47fc00a2c39e90264f33305004495a9",
    "hash": "b0e83e36b75a3b13600319a2b01d85382ed46718"
  },
  "/Users/soumya/Documents/Document/Poc-Projects/REACT/progressbar/src/formFields/Select/Select.tsx": {
    "path": "/Users/soumya/Documents/Document/Poc-Projects/REACT/progressbar/src/formFields/Select/Select.tsx",
    "statementMap": {
      "0": {
        "start": { "line": 15, "column": 15 },
        "end": { "line": 36, "column": 1 }
      },
      "1": {
        "start": { "line": 16, "column": 4 },
        "end": { "line": 35, "column": 13 }
      },
      "2": {
        "start": { "line": 26, "column": 12 },
        "end": { "line": 33, "column": 14 }
      }
    },
    "fnMap": {
      "0": {
        "name": "(anonymous_0)",
        "decl": {
          "start": { "line": 15, "column": 15 },
          "end": { "line": 15, "column": 16 }
        },
        "loc": {
          "start": { "line": 16, "column": 4 },
          "end": { "line": 35, "column": 13 }
        },
        "line": 16
      },
      "1": {
        "name": "(anonymous_1)",
        "decl": {
          "start": { "line": 25, "column": 27 },
          "end": { "line": 25, "column": 28 }
        },
        "loc": {
          "start": { "line": 25, "column": 43 },
          "end": { "line": 34, "column": 9 }
        },
        "line": 25
      }
    },
    "branchMap": {
      "0": {
        "loc": {
          "start": { "line": 19, "column": 12 },
          "end": { "line": 19, "column": 64 }
        },
        "type": "cond-expr",
        "locations": [
          {
            "start": { "line": 19, "column": 37 },
            "end": { "line": 19, "column": 59 }
          },
          {
            "start": { "line": 19, "column": 62 },
            "end": { "line": 19, "column": 64 }
          }
        ],
        "line": 19
      }
    },
    "s": { "0": 2, "1": 4, "2": 11 },
    "f": { "0": 4, "1": 11 },
    "b": { "0": [3, 1] },
    "_coverageSchema": "1a1c01bbd47fc00a2c39e90264f33305004495a9",
    "hash": "1c13f11670299e8fd4153d02f175a94eb6e9e29a"
  },
  "/Users/soumya/Documents/Document/Poc-Projects/REACT/progressbar/src/misc/utils.ts": {
    "path": "/Users/soumya/Documents/Document/Poc-Projects/REACT/progressbar/src/misc/utils.ts",
    "statementMap": {
      "0": {
        "start": { "line": 3, "column": 29 },
        "end": { "line": 11, "column": 1 }
      },
      "1": {
        "start": { "line": 4, "column": 4 },
        "end": { "line": 10, "column": 7 }
      },
      "2": {
        "start": { "line": 5, "column": 33 },
        "end": { "line": 8, "column": 9 }
      },
      "3": {
        "start": { "line": 9, "column": 8 },
        "end": { "line": 9, "column": 22 }
      }
    },
    "fnMap": {
      "0": {
        "name": "(anonymous_0)",
        "decl": {
          "start": { "line": 3, "column": 29 },
          "end": { "line": 3, "column": 30 }
        },
        "loc": {
          "start": { "line": 3, "column": 76 },
          "end": { "line": 11, "column": 1 }
        },
        "line": 3
      },
      "1": {
        "name": "(anonymous_1)",
        "decl": {
          "start": { "line": 4, "column": 32 },
          "end": { "line": 4, "column": 33 }
        },
        "loc": {
          "start": { "line": 4, "column": 48 },
          "end": { "line": 10, "column": 5 }
        },
        "line": 4
      }
    },
    "branchMap": {},
    "s": { "0": 1, "1": 3, "2": 9, "3": 9 },
    "f": { "0": 3, "1": 9 },
    "b": {},
    "_coverageSchema": "1a1c01bbd47fc00a2c39e90264f33305004495a9",
    "hash": "d4094ae11bfeab93dab30ba2d3860a37fb1a0183"
  }
}
