TN:
SF:src/App.tsx
FN:9,(anonymous_0)
FN:11,(anonymous_1)
FN:21,(anonymous_2)
FN:25,(anonymous_3)
FN:39,(anonymous_4)
FN:58,(anonymous_5)
FNF:6
FNH:4
FNDA:3,(anonymous_0)
FNDA:9,(anonymous_1)
FNDA:0,(anonymous_2)
FNDA:0,(anonymous_3)
FNDA:9,(anonymous_4)
FNDA:12,(anonymous_5)
DA:9,1
DA:10,3
DA:11,3
DA:12,9
DA:13,9
DA:16,3
DA:19,3
DA:21,3
DA:22,0
DA:25,3
DA:26,0
DA:27,0
DA:28,0
DA:29,0
DA:30,0
DA:32,0
DA:33,0
DA:36,3
DA:40,9
DA:59,12
LF:20
LH:12
BRDA:29,0,0,0
BRDA:29,0,1,0
BRF:2
BRH:0
end_of_record
TN:
SF:src/index.tsx
FNF:0
FNH:0
DA:5,0
DA:13,0
DA:18,0
LF:3
LH:0
BRF:0
BRH:0
end_of_record
TN:
SF:src/components/ProgressBar.tsx
FN:8,(anonymous_0)
FNF:1
FNH:1
FNDA:9,(anonymous_0)
DA:8,1
DA:9,9
LF:2
LH:2
BRDA:13,0,0,0
BRDA:13,0,1,9
BRF:2
BRH:1
end_of_record
TN:
SF:src/formFields/Button/Button.tsx
FN:12,(anonymous_0)
FN:13,(anonymous_1)
FNF:2
FNH:1
FNDA:14,(anonymous_0)
FNDA:0,(anonymous_1)
DA:12,2
DA:13,14
DA:15,14
LF:3
LH:3
BRF:0
BRH:0
end_of_record
TN:
SF:src/formFields/Select/Select.tsx
FN:15,(anonymous_0)
FN:25,(anonymous_1)
FNF:2
FNH:2
FNDA:4,(anonymous_0)
FNDA:11,(anonymous_1)
DA:15,2
DA:16,4
DA:26,11
LF:3
LH:3
BRDA:19,0,0,3
BRDA:19,0,1,1
BRF:2
BRH:2
end_of_record
TN:
SF:src/misc/utils.ts
FN:3,(anonymous_0)
FN:4,(anonymous_1)
FNF:2
FNH:2
FNDA:3,(anonymous_0)
FNDA:9,(anonymous_1)
DA:3,1
DA:4,3
DA:5,9
DA:9,9
LF:4
LH:4
BRF:0
BRH:0
end_of_record
